test_get_nb_char (__main__.TestExercice) ... FAIL
test_get_nb_words (__main__.TestExercice) ... ERROR
test_pair (__main__.TestExercice) ... ok
test_remove_third_char (__main__.TestExercice) ... ok
test_replace_char (__main__.TestExercice) ... FAIL

======================================================================
ERROR: test_get_nb_words (__main__.TestExercice)
----------------------------------------------------------------------
Traceback (most recent call last):
  File "c:/Users/jblab/Documents/GitHub/c03_ch4_exercices-jblabbe/test_exercice.py", line 75, in test_get_nb_words
    output = [exercice.get_nb_words(v[0], v[1]) for v in values]
  File "c:/Users/jblab/Documents/GitHub/c03_ch4_exercices-jblabbe/test_exercice.py", line 75, in <listcomp>
    output = [exercice.get_nb_words(v[0], v[1]) for v in values]
TypeError: get_nb_words() takes 1 positional argument but 2 were given

======================================================================
FAIL: test_get_nb_char (__main__.TestExercice)
----------------------------------------------------------------------
Traceback (most recent call last):
  File "c:/Users/jblab/Documents/GitHub/c03_ch4_exercices-jblabbe/test_exercice.py", line 62, in test_get_nb_char
    self.assertListEqual(
AssertionError: Lists differ: [0, 0, 0] != [4, 1, 0]

First differing element 0:
0
4

- [0, 0, 0]
?  ^  ^

+ [4, 1, 0]
?  ^  ^
 : Mauvais calcul du nombre d'occurences du caractère

======================================================================
FAIL: test_replace_char (__main__.TestExercice)
----------------------------------------------------------------------
Traceback (most recent call last):
  File "c:/Users/jblab/Documents/GitHub/c03_ch4_exercices-jblabbe/test_exercice.py", line 46, in test_replace_char
    self.assertListEqual(
AssertionError: Lists differ: ['hey yad!', 'baaaab', 'a1234'] != ['hey yad!', 'bbbbbb', 'a1234']

First differing element 1:
'baaaab'
'bbbbbb'

- ['hey yad!', 'baaaab', 'a1234']
?                ^^^^

+ ['hey yad!', 'bbbbbb', 'a1234']
?                ^^^^
 : Erreur dans le remplacement de caractère

----------------------------------------------------------------------
Ran 5 tests in 0.002s

FAILED (failures=2, errors=1)
